<?xml version="1.0" encoding="UTF-8"?>
<robot generator="Robot 3.2.2 (Python 3.9.1 on win32)" generated="20211030 20:23:29.291" rpa="false">
<suite id="s1" name="TagsSampleOneTS" source="C:\Users\Abinash\eclipse-workspace\RFWSamplesB1\tests\TagsSampleOneTS.robot">
<test id="s1-t1" name="Valid Login">
<kw name="Log To Console" library="BuiltIn">
<doc>Logs the given message to the console.</doc>
<arguments>
<arg>Valid Login Test</arg>
</arguments>
<status status="PASS" starttime="20211030 20:23:29.317" endtime="20211030 20:23:29.317"></status>
</kw>
<tags>
<tag>RegTest</tag>
</tags>
<status status="PASS" starttime="20211030 20:23:29.317" endtime="20211030 20:23:29.318" critical="yes"></status>
</test>
<test id="s1-t2" name="Invalid Login">
<kw name="Log To Console" library="BuiltIn">
<doc>Logs the given message to the console.</doc>
<arguments>
<arg>Invalid Login Test</arg>
</arguments>
<status status="PASS" starttime="20211030 20:23:29.319" endtime="20211030 20:23:29.319"></status>
</kw>
<status status="PASS" starttime="20211030 20:23:29.319" endtime="20211030 20:23:29.320" critical="yes"></status>
</test>
<test id="s1-t3" name="Search Item">
<kw name="Log To Console" library="BuiltIn">
<doc>Logs the given message to the console.</doc>
<arguments>
<arg>Search Item Test</arg>
</arguments>
<status status="PASS" starttime="20211030 20:23:29.321" endtime="20211030 20:23:29.321"></status>
</kw>
<tags>
<tag>SmokeTest</tag>
</tags>
<status status="PASS" starttime="20211030 20:23:29.321" endtime="20211030 20:23:29.321" critical="yes"></status>
</test>
<test id="s1-t4" name="Place Order">
<kw name="Log To Console" library="BuiltIn">
<doc>Logs the given message to the console.</doc>
<arguments>
<arg>Place Order Test</arg>
</arguments>
<status status="PASS" starttime="20211030 20:23:29.322" endtime="20211030 20:23:29.322"></status>
</kw>
<tags>
<tag>RegTest</tag>
</tags>
<status status="PASS" starttime="20211030 20:23:29.322" endtime="20211030 20:23:29.323" critical="yes"></status>
</test>
<test id="s1-t5" name="Purchase Order">
<kw name="Log To Console" library="BuiltIn">
<doc>Logs the given message to the console.</doc>
<arguments>
<arg>Purchase Order Test</arg>
</arguments>
<status status="PASS" starttime="20211030 20:23:29.324" endtime="20211030 20:23:29.324"></status>
</kw>
<status status="PASS" starttime="20211030 20:23:29.323" endtime="20211030 20:23:29.324" critical="yes"></status>
</test>
<status status="PASS" starttime="20211030 20:23:29.293" endtime="20211030 20:23:29.325"></status>
</suite>
<statistics>
<total>
<stat pass="5" fail="0">Critical Tests</stat>
<stat pass="5" fail="0">All Tests</stat>
</total>
<tag>
<stat pass="2" fail="0">RegTest</stat>
<stat pass="1" fail="0">SmokeTest</stat>
</tag>
<suite>
<stat pass="5" fail="0" id="s1" name="TagsSampleOneTS">TagsSampleOneTS</stat>
</suite>
</statistics>
<errors>
</errors>
</robot>
