<?xml version="1.0" encoding="UTF-8"?>
<robot generator="Robot 3.2.2 (Python 3.9.1 on win32)" generated="20211031 01:03:35.583" rpa="false">
<suite id="s1" name="parallelTests" source="C:\Users\Abinash\eclipse-workspace\RFWSamplesB1\parallelTests">
<suite id="s1-s1" name="AlertTS" source="C:\Users\Abinash\eclipse-workspace\RFWSamplesB1\parallelTests\AlertTS.robot">
<test id="s1-s1-t1" name="Handle SimpleAlert">
<kw name="Open Browser" library="SeleniumLibrary">
<doc>Opens a new browser instance to the optional ``url``.</doc>
<arguments>
<arg>${URL}</arg>
<arg>${BROWSER}</arg>
</arguments>
<msg timestamp="20211031 01:03:35.809" level="INFO">Opening browser 'chrome' to base url 'http://demo.seleniumeasy.com/javascript-alert-box-demo.html'.</msg>
<status status="PASS" starttime="20211031 01:03:35.809" endtime="20211031 01:03:39.548"></status>
</kw>
<kw name="Click Button" library="SeleniumLibrary">
<doc>Clicks the button identified by ``locator``.</doc>
<arguments>
<arg>xpath:(//button[contains(text(), 'Click me!')])[1]</arg>
</arguments>
<msg timestamp="20211031 01:03:39.549" level="INFO">Clicking button 'xpath:(//button[contains(text(), 'Click me!')])[1]'.</msg>
<status status="PASS" starttime="20211031 01:03:39.548" endtime="20211031 01:03:39.605"></status>
</kw>
<kw name="Handle Alert" library="SeleniumLibrary">
<doc>Handles the current alert and returns its message.</doc>
<arguments>
<arg>ACCEPT</arg>
</arguments>
<msg timestamp="20211031 01:03:39.605" level="INFO">HANDLE::&lt;class 'NoneType'&gt;::None</msg>
<status status="PASS" starttime="20211031 01:03:39.605" endtime="20211031 01:03:39.610"></status>
</kw>
<kw name="Click Button" library="SeleniumLibrary">
<doc>Clicks the button identified by ``locator``.</doc>
<arguments>
<arg>xpath:(//button[contains(text(), 'Click me!')])[2]</arg>
</arguments>
<msg timestamp="20211031 01:03:39.611" level="INFO">Clicking button 'xpath:(//button[contains(text(), 'Click me!')])[2]'.</msg>
<status status="PASS" starttime="20211031 01:03:39.610" endtime="20211031 01:03:39.669"></status>
</kw>
<kw name="Sleep" library="BuiltIn">
<doc>Pauses the test executed for the given time.</doc>
<arguments>
<arg>3s</arg>
</arguments>
<msg timestamp="20211031 01:03:42.670" level="INFO">Slept 3 seconds</msg>
<status status="PASS" starttime="20211031 01:03:39.669" endtime="20211031 01:03:42.670"></status>
</kw>
<kw name="Handle Alert" library="SeleniumLibrary">
<doc>Handles the current alert and returns its message.</doc>
<assign>
<var>${alertText}</var>
</assign>
<msg timestamp="20211031 01:03:42.671" level="INFO">HANDLE::&lt;class 'NoneType'&gt;::None</msg>
<msg timestamp="20211031 01:03:42.674" level="INFO">${alertText} = Press a button!</msg>
<status status="PASS" starttime="20211031 01:03:42.670" endtime="20211031 01:03:42.674"></status>
</kw>
<kw name="Log To Console" library="BuiltIn">
<doc>Logs the given message to the console.</doc>
<arguments>
<arg>${alertText}</arg>
</arguments>
<status status="PASS" starttime="20211031 01:03:42.674" endtime="20211031 01:03:42.675"></status>
</kw>
<kw name="Click Button" library="SeleniumLibrary">
<doc>Clicks the button identified by ``locator``.</doc>
<arguments>
<arg>xpath:(//button[contains(text(), 'Prompt')])</arg>
</arguments>
<msg timestamp="20211031 01:03:42.676" level="INFO">Clicking button 'xpath:(//button[contains(text(), 'Prompt')])'.</msg>
<status status="PASS" starttime="20211031 01:03:42.675" endtime="20211031 01:03:42.737"></status>
</kw>
<kw name="Sleep" library="BuiltIn">
<doc>Pauses the test executed for the given time.</doc>
<arguments>
<arg>2s</arg>
</arguments>
<msg timestamp="20211031 01:03:44.753" level="INFO">Slept 2 seconds</msg>
<status status="PASS" starttime="20211031 01:03:42.738" endtime="20211031 01:03:44.753"></status>
</kw>
<kw name="Input Text Into Alert" library="SeleniumLibrary">
<doc>Types the given ``text`` into an input field in an alert.</doc>
<arguments>
<arg>Hello Welcome</arg>
</arguments>
<status status="PASS" starttime="20211031 01:03:44.753" endtime="20211031 01:03:44.758"></status>
</kw>
<status status="PASS" starttime="20211031 01:03:35.808" endtime="20211031 01:03:44.758" critical="yes"></status>
</test>
<kw name="Close Browser" library="SeleniumLibrary" type="teardown">
<doc>Closes the current browser.</doc>
<status status="PASS" starttime="20211031 01:03:44.759" endtime="20211031 01:03:46.885"></status>
</kw>
<status status="PASS" starttime="20211031 01:03:35.614" endtime="20211031 01:03:46.885"></status>
</suite>
<status status="PASS" starttime="20211031 01:03:35.592" endtime="20211031 01:03:46.888"></status>
</suite>
<statistics>
<total>
<stat pass="1" fail="0">Critical Tests</stat>
<stat pass="1" fail="0">All Tests</stat>
</total>
<tag>
</tag>
<suite>
<stat pass="1" fail="0" id="s1" name="parallelTests">parallelTests</stat>
<stat pass="1" fail="0" id="s1-s1" name="AlertTS">parallelTests.AlertTS</stat>
</suite>
</statistics>
<errors>
</errors>
</robot>
