<?xml version="1.0" encoding="UTF-8"?>
<robot generator="Robot 3.2.2 (Python 3.9.1 on win32)" generated="20211031 01:03:35.582" rpa="false">
<suite id="s1" name="parallelTests" source="C:\Users\Abinash\eclipse-workspace\RFWSamplesB1\parallelTests">
<suite id="s1-s1" name="FirstSample" source="C:\Users\Abinash\eclipse-workspace\RFWSamplesB1\parallelTests\FirstSample.robot">
<test id="s1-s1-t1" name="First Testcase">
<kw name="Log" library="BuiltIn">
<doc>Logs the given message with the given level.</doc>
<arguments>
<arg>Welcome</arg>
</arguments>
<msg timestamp="20211031 01:03:35.810" level="INFO">Welcome</msg>
<status status="PASS" starttime="20211031 01:03:35.809" endtime="20211031 01:03:35.810"></status>
</kw>
<status status="PASS" starttime="20211031 01:03:35.809" endtime="20211031 01:03:35.810" critical="yes"></status>
</test>
<test id="s1-s1-t2" name="Valid LoginTest">
<kw name="Open Browser" library="SeleniumLibrary">
<doc>Opens a new browser instance to the optional ``url``.</doc>
<arguments>
<arg>${URL}</arg>
<arg>${HL_BROWSER}</arg>
</arguments>
<msg timestamp="20211031 01:03:35.812" level="INFO">Opening browser 'headlesschrome' to base url 'http://the-internet.herokuapp.com/login'.</msg>
<status status="PASS" starttime="20211031 01:03:35.811" endtime="20211031 01:03:44.128"></status>
</kw>
<kw name="Maximize Browser Window" library="SeleniumLibrary">
<doc>Maximizes current browser window.</doc>
<status status="PASS" starttime="20211031 01:03:44.128" endtime="20211031 01:03:44.237"></status>
</kw>
<kw name="Input Text" library="SeleniumLibrary">
<doc>Types the given ``text`` into the text field identified by ``locator``.</doc>
<arguments>
<arg>username</arg>
<arg>tomsmith</arg>
</arguments>
<msg timestamp="20211031 01:03:44.237" level="INFO">Typing text 'tomsmith' into text field 'username'.</msg>
<status status="PASS" starttime="20211031 01:03:44.237" endtime="20211031 01:03:44.310"></status>
</kw>
<kw name="Input Text" library="SeleniumLibrary">
<doc>Types the given ``text`` into the text field identified by ``locator``.</doc>
<arguments>
<arg>css:input[name=password]</arg>
<arg>SuperSecretPassword!</arg>
</arguments>
<msg timestamp="20211031 01:03:44.311" level="INFO">Typing text 'SuperSecretPassword!' into text field 'css:input[name=password]'.</msg>
<status status="PASS" starttime="20211031 01:03:44.310" endtime="20211031 01:03:44.386"></status>
</kw>
<kw name="Click Button" library="SeleniumLibrary">
<doc>Clicks the button identified by ``locator``.</doc>
<arguments>
<arg>class:radius</arg>
</arguments>
<msg timestamp="20211031 01:03:44.387" level="INFO">Clicking button 'class:radius'.</msg>
<status status="PASS" starttime="20211031 01:03:44.387" endtime="20211031 01:03:45.179"></status>
</kw>
<kw name="Element Should Be Visible" library="SeleniumLibrary">
<doc>Verifies that the element identified by ``locator`` is visible.</doc>
<arguments>
<arg>css:.flash.success</arg>
</arguments>
<msg timestamp="20211031 01:03:45.204" level="INFO">Element 'css:.flash.success' is displayed.</msg>
<status status="PASS" starttime="20211031 01:03:45.179" endtime="20211031 01:03:45.204"></status>
</kw>
<kw name="Get Text" library="SeleniumLibrary">
<doc>Returns the text value of the element identified by ``locator``.</doc>
<arguments>
<arg>css:.flash.success</arg>
</arguments>
<assign>
<var>${successMsg}</var>
</assign>
<msg timestamp="20211031 01:03:45.223" level="INFO">${successMsg} = You logged into a secure area!
×</msg>
<status status="PASS" starttime="20211031 01:03:45.204" endtime="20211031 01:03:45.223"></status>
</kw>
<kw name="Log To Console" library="BuiltIn">
<doc>Logs the given message to the console.</doc>
<arguments>
<arg>${successMsg}</arg>
</arguments>
<status status="PASS" starttime="20211031 01:03:45.223" endtime="20211031 01:03:45.224"></status>
</kw>
<kw name="Close Browser" library="SeleniumLibrary">
<doc>Closes the current browser.</doc>
<status status="PASS" starttime="20211031 01:03:45.224" endtime="20211031 01:03:47.309"></status>
</kw>
<status status="PASS" starttime="20211031 01:03:35.810" endtime="20211031 01:03:47.309" critical="yes"></status>
</test>
<test id="s1-s1-t3" name="Invalid Username LoginTest">
<kw name="Open Browser" library="SeleniumLibrary">
<doc>Opens a new browser instance to the optional ``url``.</doc>
<arguments>
<arg>${URL}</arg>
<arg>${BROWSER}</arg>
</arguments>
<msg timestamp="20211031 01:03:47.310" level="INFO">Opening browser 'chrome' to base url 'http://the-internet.herokuapp.com/login'.</msg>
<status status="PASS" starttime="20211031 01:03:47.310" endtime="20211031 01:03:59.281"></status>
</kw>
<kw name="Maximize Browser Window" library="SeleniumLibrary">
<doc>Maximizes current browser window.</doc>
<status status="PASS" starttime="20211031 01:03:59.281" endtime="20211031 01:03:59.403"></status>
</kw>
<kw name="Input Text" library="SeleniumLibrary">
<doc>Types the given ``text`` into the text field identified by ``locator``.</doc>
<arguments>
<arg>username</arg>
<arg>tomsmi</arg>
</arguments>
<msg timestamp="20211031 01:03:59.403" level="INFO">Typing text 'tomsmi' into text field 'username'.</msg>
<status status="PASS" starttime="20211031 01:03:59.403" endtime="20211031 01:03:59.485"></status>
</kw>
<kw name="Input Text" library="SeleniumLibrary">
<doc>Types the given ``text`` into the text field identified by ``locator``.</doc>
<arguments>
<arg>css:input[name=password]</arg>
<arg>SuperSecretPassword!</arg>
</arguments>
<msg timestamp="20211031 01:03:59.486" level="INFO">Typing text 'SuperSecretPassword!' into text field 'css:input[name=password]'.</msg>
<status status="PASS" starttime="20211031 01:03:59.486" endtime="20211031 01:03:59.569"></status>
</kw>
<kw name="Click Button" library="SeleniumLibrary">
<doc>Clicks the button identified by ``locator``.</doc>
<arguments>
<arg>css:.radius</arg>
</arguments>
<msg timestamp="20211031 01:03:59.570" level="INFO">Clicking button 'css:.radius'.</msg>
<status status="PASS" starttime="20211031 01:03:59.569" endtime="20211031 01:04:00.364"></status>
</kw>
<kw name="Element Should Contain" library="SeleniumLibrary">
<doc>Verifies that element ``locator`` contains text ``expected``.</doc>
<arguments>
<arg>id:flash</arg>
<arg>Your username is invalid!</arg>
</arguments>
<msg timestamp="20211031 01:04:00.396" level="INFO">Element 'id:flash' contains text 'Your username is invalid!'.</msg>
<status status="PASS" starttime="20211031 01:04:00.364" endtime="20211031 01:04:00.396"></status>
</kw>
<kw name="Close Browser" library="SeleniumLibrary">
<doc>Closes the current browser.</doc>
<status status="PASS" starttime="20211031 01:04:00.397" endtime="20211031 01:04:02.508"></status>
</kw>
<status status="PASS" starttime="20211031 01:03:47.310" endtime="20211031 01:04:02.508" critical="yes"></status>
</test>
<kw name="Close Browser" library="SeleniumLibrary" type="teardown">
<doc>Closes the current browser.</doc>
<status status="PASS" starttime="20211031 01:04:02.509" endtime="20211031 01:04:02.509"></status>
</kw>
<status status="PASS" starttime="20211031 01:03:35.616" endtime="20211031 01:04:02.509"></status>
</suite>
<status status="PASS" starttime="20211031 01:03:35.590" endtime="20211031 01:04:02.511"></status>
</suite>
<statistics>
<total>
<stat pass="3" fail="0">Critical Tests</stat>
<stat pass="3" fail="0">All Tests</stat>
</total>
<tag>
</tag>
<suite>
<stat pass="3" fail="0" id="s1" name="parallelTests">parallelTests</stat>
<stat pass="3" fail="0" id="s1-s1" name="FirstSample">parallelTests.FirstSample</stat>
</suite>
</statistics>
<errors>
</errors>
</robot>
